Connecting to database specified by database.yml
Connecting to database specified by database.yml
Connecting to database specified by database.yml
Connecting to database specified by database.yml
Connecting to database specified by database.yml


Started GET "/assets/rails.png" for 127.0.0.1 at 2013-08-03 15:36:46 -0400
Served asset /rails.png - 200 OK (8ms)
Connecting to database specified by database.yml
Connecting to database specified by database.yml
Connecting to database specified by database.yml
Connecting to database specified by database.yml
Connecting to database specified by database.yml
Connecting to database specified by database.yml
Connecting to database specified by database.yml
Connecting to database specified by database.yml
Connecting to database specified by database.yml
Connecting to database specified by database.yml
  [1m[36m (4.0ms)[0m  [1mCREATE TABLE "schema_migrations" ("version" character varying(255) NOT NULL) [0m
  [1m[35m (2.0ms)[0m  CREATE UNIQUE INDEX "unique_schema_migrations" ON "schema_migrations" ("version")
  [1m[36m (0.4ms)[0m  [1mSELECT "schema_migrations"."version" FROM "schema_migrations" [0m
Migrating to CreateTests (20130803184415)
  [1m[35m (0.1ms)[0m  BEGIN
  [1m[36m (4.3ms)[0m  [1mCREATE TABLE "tests" ("id" serial primary key, "lol" character varying(255), "created_at" timestamp NOT NULL, "updated_at" timestamp NOT NULL) [0m
  [1m[35m (0.5ms)[0m  INSERT INTO "schema_migrations" ("version") VALUES ('20130803184415')
  [1m[36m (0.6ms)[0m  [1mCOMMIT[0m
Migrating to DeviseCreateUsers (20130803195116)
  [1m[35m (0.2ms)[0m  BEGIN
  [1m[36m (4.7ms)[0m  [1mCREATE TABLE "users" ("id" serial primary key, "email" character varying(255) DEFAULT '' NOT NULL, "encrypted_password" character varying(255) DEFAULT '' NOT NULL, "reset_password_token" character varying(255), "reset_password_sent_at" timestamp, "remember_created_at" timestamp, "sign_in_count" integer DEFAULT 0, "current_sign_in_at" timestamp, "last_sign_in_at" timestamp, "current_sign_in_ip" character varying(255), "last_sign_in_ip" character varying(255), "created_at" timestamp NOT NULL, "updated_at" timestamp NOT NULL) [0m
  [1m[35m (1.6ms)[0m  CREATE UNIQUE INDEX "index_users_on_email" ON "users" ("email")
  [1m[36m (1.2ms)[0m  [1mCREATE UNIQUE INDEX "index_users_on_reset_password_token" ON "users" ("reset_password_token")[0m
  [1m[35m (0.2ms)[0m  INSERT INTO "schema_migrations" ("version") VALUES ('20130803195116')
  [1m[36m (0.8ms)[0m  [1mCOMMIT[0m
Migrating to AddDeviseToUsers (20130803195804)
  [1m[35m (0.2ms)[0m  BEGIN
  [1m[36m (0.6ms)[0m  [1mALTER TABLE "users" ADD COLUMN "email" character varying(255) DEFAULT '' NOT NULL[0m
PG::DuplicateColumn: ERROR:  column "email" of relation "users" already exists
: ALTER TABLE "users" ADD COLUMN "email" character varying(255) DEFAULT '' NOT NULL
  [1m[35m (0.1ms)[0m  ROLLBACK
Connecting to database specified by database.yml


Started GET "/usesrs" for 127.0.0.1 at 2013-08-03 15:59:23 -0400

ActionController::RoutingError (No route matches [GET] "/usesrs"):
  vendor/bundle/gems/actionpack-3.2.13/lib/action_dispatch/middleware/debug_exceptions.rb:21:in `call'
  vendor/bundle/gems/actionpack-3.2.13/lib/action_dispatch/middleware/show_exceptions.rb:56:in `call'
  vendor/bundle/gems/railties-3.2.13/lib/rails/rack/logger.rb:32:in `call_app'
  vendor/bundle/gems/railties-3.2.13/lib/rails/rack/logger.rb:16:in `block in call'
  vendor/bundle/gems/activesupport-3.2.13/lib/active_support/tagged_logging.rb:22:in `tagged'
  vendor/bundle/gems/railties-3.2.13/lib/rails/rack/logger.rb:16:in `call'
  vendor/bundle/gems/actionpack-3.2.13/lib/action_dispatch/middleware/request_id.rb:22:in `call'
  vendor/bundle/gems/rack-1.4.5/lib/rack/methodoverride.rb:21:in `call'
  vendor/bundle/gems/rack-1.4.5/lib/rack/runtime.rb:17:in `call'
  vendor/bundle/gems/activesupport-3.2.13/lib/active_support/cache/strategy/local_cache.rb:72:in `call'
  vendor/bundle/gems/rack-1.4.5/lib/rack/lock.rb:15:in `call'
  vendor/bundle/gems/actionpack-3.2.13/lib/action_dispatch/middleware/static.rb:63:in `call'
  vendor/bundle/gems/railties-3.2.13/lib/rails/engine.rb:479:in `call'
  vendor/bundle/gems/railties-3.2.13/lib/rails/application.rb:223:in `call'
  vendor/bundle/gems/rack-1.4.5/lib/rack/content_length.rb:14:in `call'
  vendor/bundle/gems/railties-3.2.13/lib/rails/rack/log_tailer.rb:17:in `call'
  vendor/bundle/gems/rack-1.4.5/lib/rack/handler/webrick.rb:59:in `service'
  /Users/joshuamartin/.rbenv/versions/1.9.3-p448/lib/ruby/1.9.1/webrick/httpserver.rb:138:in `service'
  /Users/joshuamartin/.rbenv/versions/1.9.3-p448/lib/ruby/1.9.1/webrick/httpserver.rb:94:in `run'
  /Users/joshuamartin/.rbenv/versions/1.9.3-p448/lib/ruby/1.9.1/webrick/server.rb:191:in `block in start_thread'


  Rendered vendor/bundle/gems/actionpack-3.2.13/lib/action_dispatch/middleware/templates/rescues/routing_error.erb within rescues/layout (3.3ms)


Started GET "/users" for 127.0.0.1 at 2013-08-03 15:59:25 -0400

ActionController::RoutingError (No route matches [GET] "/users"):
  vendor/bundle/gems/actionpack-3.2.13/lib/action_dispatch/middleware/debug_exceptions.rb:21:in `call'
  vendor/bundle/gems/actionpack-3.2.13/lib/action_dispatch/middleware/show_exceptions.rb:56:in `call'
  vendor/bundle/gems/railties-3.2.13/lib/rails/rack/logger.rb:32:in `call_app'
  vendor/bundle/gems/railties-3.2.13/lib/rails/rack/logger.rb:16:in `block in call'
  vendor/bundle/gems/activesupport-3.2.13/lib/active_support/tagged_logging.rb:22:in `tagged'
  vendor/bundle/gems/railties-3.2.13/lib/rails/rack/logger.rb:16:in `call'
  vendor/bundle/gems/actionpack-3.2.13/lib/action_dispatch/middleware/request_id.rb:22:in `call'
  vendor/bundle/gems/rack-1.4.5/lib/rack/methodoverride.rb:21:in `call'
  vendor/bundle/gems/rack-1.4.5/lib/rack/runtime.rb:17:in `call'
  vendor/bundle/gems/activesupport-3.2.13/lib/active_support/cache/strategy/local_cache.rb:72:in `call'
  vendor/bundle/gems/rack-1.4.5/lib/rack/lock.rb:15:in `call'
  vendor/bundle/gems/actionpack-3.2.13/lib/action_dispatch/middleware/static.rb:63:in `call'
  vendor/bundle/gems/railties-3.2.13/lib/rails/engine.rb:479:in `call'
  vendor/bundle/gems/railties-3.2.13/lib/rails/application.rb:223:in `call'
  vendor/bundle/gems/rack-1.4.5/lib/rack/content_length.rb:14:in `call'
  vendor/bundle/gems/railties-3.2.13/lib/rails/rack/log_tailer.rb:17:in `call'
  vendor/bundle/gems/rack-1.4.5/lib/rack/handler/webrick.rb:59:in `service'
  /Users/joshuamartin/.rbenv/versions/1.9.3-p448/lib/ruby/1.9.1/webrick/httpserver.rb:138:in `service'
  /Users/joshuamartin/.rbenv/versions/1.9.3-p448/lib/ruby/1.9.1/webrick/httpserver.rb:94:in `run'
  /Users/joshuamartin/.rbenv/versions/1.9.3-p448/lib/ruby/1.9.1/webrick/server.rb:191:in `block in start_thread'


  Rendered vendor/bundle/gems/actionpack-3.2.13/lib/action_dispatch/middleware/templates/rescues/routing_error.erb within rescues/layout (0.7ms)


Started GET "/user" for 127.0.0.1 at 2013-08-03 15:59:28 -0400

ActionController::RoutingError (No route matches [GET] "/user"):
  vendor/bundle/gems/actionpack-3.2.13/lib/action_dispatch/middleware/debug_exceptions.rb:21:in `call'
  vendor/bundle/gems/actionpack-3.2.13/lib/action_dispatch/middleware/show_exceptions.rb:56:in `call'
  vendor/bundle/gems/railties-3.2.13/lib/rails/rack/logger.rb:32:in `call_app'
  vendor/bundle/gems/railties-3.2.13/lib/rails/rack/logger.rb:16:in `block in call'
  vendor/bundle/gems/activesupport-3.2.13/lib/active_support/tagged_logging.rb:22:in `tagged'
  vendor/bundle/gems/railties-3.2.13/lib/rails/rack/logger.rb:16:in `call'
  vendor/bundle/gems/actionpack-3.2.13/lib/action_dispatch/middleware/request_id.rb:22:in `call'
  vendor/bundle/gems/rack-1.4.5/lib/rack/methodoverride.rb:21:in `call'
  vendor/bundle/gems/rack-1.4.5/lib/rack/runtime.rb:17:in `call'
  vendor/bundle/gems/activesupport-3.2.13/lib/active_support/cache/strategy/local_cache.rb:72:in `call'
  vendor/bundle/gems/rack-1.4.5/lib/rack/lock.rb:15:in `call'
  vendor/bundle/gems/actionpack-3.2.13/lib/action_dispatch/middleware/static.rb:63:in `call'
  vendor/bundle/gems/railties-3.2.13/lib/rails/engine.rb:479:in `call'
  vendor/bundle/gems/railties-3.2.13/lib/rails/application.rb:223:in `call'
  vendor/bundle/gems/rack-1.4.5/lib/rack/content_length.rb:14:in `call'
  vendor/bundle/gems/railties-3.2.13/lib/rails/rack/log_tailer.rb:17:in `call'
  vendor/bundle/gems/rack-1.4.5/lib/rack/handler/webrick.rb:59:in `service'
  /Users/joshuamartin/.rbenv/versions/1.9.3-p448/lib/ruby/1.9.1/webrick/httpserver.rb:138:in `service'
  /Users/joshuamartin/.rbenv/versions/1.9.3-p448/lib/ruby/1.9.1/webrick/httpserver.rb:94:in `run'
  /Users/joshuamartin/.rbenv/versions/1.9.3-p448/lib/ruby/1.9.1/webrick/server.rb:191:in `block in start_thread'


  Rendered vendor/bundle/gems/actionpack-3.2.13/lib/action_dispatch/middleware/templates/rescues/routing_error.erb within rescues/layout (0.9ms)


Started GET "/users" for 127.0.0.1 at 2013-08-03 15:59:38 -0400

ActionController::RoutingError (No route matches [GET] "/users"):
  vendor/bundle/gems/actionpack-3.2.13/lib/action_dispatch/middleware/debug_exceptions.rb:21:in `call'
  vendor/bundle/gems/actionpack-3.2.13/lib/action_dispatch/middleware/show_exceptions.rb:56:in `call'
  vendor/bundle/gems/railties-3.2.13/lib/rails/rack/logger.rb:32:in `call_app'
  vendor/bundle/gems/railties-3.2.13/lib/rails/rack/logger.rb:16:in `block in call'
  vendor/bundle/gems/activesupport-3.2.13/lib/active_support/tagged_logging.rb:22:in `tagged'
  vendor/bundle/gems/railties-3.2.13/lib/rails/rack/logger.rb:16:in `call'
  vendor/bundle/gems/actionpack-3.2.13/lib/action_dispatch/middleware/request_id.rb:22:in `call'
  vendor/bundle/gems/rack-1.4.5/lib/rack/methodoverride.rb:21:in `call'
  vendor/bundle/gems/rack-1.4.5/lib/rack/runtime.rb:17:in `call'
  vendor/bundle/gems/activesupport-3.2.13/lib/active_support/cache/strategy/local_cache.rb:72:in `call'
  vendor/bundle/gems/rack-1.4.5/lib/rack/lock.rb:15:in `call'
  vendor/bundle/gems/actionpack-3.2.13/lib/action_dispatch/middleware/static.rb:63:in `call'
  vendor/bundle/gems/railties-3.2.13/lib/rails/engine.rb:479:in `call'
  vendor/bundle/gems/railties-3.2.13/lib/rails/application.rb:223:in `call'
  vendor/bundle/gems/rack-1.4.5/lib/rack/content_length.rb:14:in `call'
  vendor/bundle/gems/railties-3.2.13/lib/rails/rack/log_tailer.rb:17:in `call'
  vendor/bundle/gems/rack-1.4.5/lib/rack/handler/webrick.rb:59:in `service'
  /Users/joshuamartin/.rbenv/versions/1.9.3-p448/lib/ruby/1.9.1/webrick/httpserver.rb:138:in `service'
  /Users/joshuamartin/.rbenv/versions/1.9.3-p448/lib/ruby/1.9.1/webrick/httpserver.rb:94:in `run'
  /Users/joshuamartin/.rbenv/versions/1.9.3-p448/lib/ruby/1.9.1/webrick/server.rb:191:in `block in start_thread'


  Rendered vendor/bundle/gems/actionpack-3.2.13/lib/action_dispatch/middleware/templates/rescues/routing_error.erb within rescues/layout (0.8ms)


Started GET "/todos" for 127.0.0.1 at 2013-08-03 15:59:48 -0400

ActionController::RoutingError (No route matches [GET] "/todos"):
  vendor/bundle/gems/actionpack-3.2.13/lib/action_dispatch/middleware/debug_exceptions.rb:21:in `call'
  vendor/bundle/gems/actionpack-3.2.13/lib/action_dispatch/middleware/show_exceptions.rb:56:in `call'
  vendor/bundle/gems/railties-3.2.13/lib/rails/rack/logger.rb:32:in `call_app'
  vendor/bundle/gems/railties-3.2.13/lib/rails/rack/logger.rb:16:in `block in call'
  vendor/bundle/gems/activesupport-3.2.13/lib/active_support/tagged_logging.rb:22:in `tagged'
  vendor/bundle/gems/railties-3.2.13/lib/rails/rack/logger.rb:16:in `call'
  vendor/bundle/gems/actionpack-3.2.13/lib/action_dispatch/middleware/request_id.rb:22:in `call'
  vendor/bundle/gems/rack-1.4.5/lib/rack/methodoverride.rb:21:in `call'
  vendor/bundle/gems/rack-1.4.5/lib/rack/runtime.rb:17:in `call'
  vendor/bundle/gems/activesupport-3.2.13/lib/active_support/cache/strategy/local_cache.rb:72:in `call'
  vendor/bundle/gems/rack-1.4.5/lib/rack/lock.rb:15:in `call'
  vendor/bundle/gems/actionpack-3.2.13/lib/action_dispatch/middleware/static.rb:63:in `call'
  vendor/bundle/gems/railties-3.2.13/lib/rails/engine.rb:479:in `call'
  vendor/bundle/gems/railties-3.2.13/lib/rails/application.rb:223:in `call'
  vendor/bundle/gems/rack-1.4.5/lib/rack/content_length.rb:14:in `call'
  vendor/bundle/gems/railties-3.2.13/lib/rails/rack/log_tailer.rb:17:in `call'
  vendor/bundle/gems/rack-1.4.5/lib/rack/handler/webrick.rb:59:in `service'
  /Users/joshuamartin/.rbenv/versions/1.9.3-p448/lib/ruby/1.9.1/webrick/httpserver.rb:138:in `service'
  /Users/joshuamartin/.rbenv/versions/1.9.3-p448/lib/ruby/1.9.1/webrick/httpserver.rb:94:in `run'
  /Users/joshuamartin/.rbenv/versions/1.9.3-p448/lib/ruby/1.9.1/webrick/server.rb:191:in `block in start_thread'


  Rendered vendor/bundle/gems/actionpack-3.2.13/lib/action_dispatch/middleware/templates/rescues/routing_error.erb within rescues/layout (3.6ms)


Started GET "/tests" for 127.0.0.1 at 2013-08-03 15:59:50 -0400
Processing by TestsController#index as HTML
  [1m[36mTest Load (0.3ms)[0m  [1mSELECT "tests".* FROM "tests" [0m
  Rendered tests/index.html.erb within layouts/application (1.1ms)
Compiled scaffolds.css  (23ms)  (pid 30854)
Compiled tests.css  (1ms)  (pid 30854)
Compiled application.css  (78ms)  (pid 30854)
Compiled jquery.js  (2ms)  (pid 30854)
Compiled jquery_ujs.js  (34ms)  (pid 30854)
Compiled tests.js  (163ms)  (pid 30854)
Compiled application.js  (235ms)  (pid 30854)
Completed 200 OK in 440ms (Views: 404.2ms | ActiveRecord: 10.3ms)


Started GET "/assets/application.css?body=1" for 127.0.0.1 at 2013-08-03 15:59:50 -0400
Served asset /application.css - 200 OK (7ms)


Started GET "/assets/application.js?body=1" for 127.0.0.1 at 2013-08-03 15:59:50 -0400
Served asset /application.js - 200 OK (11ms)


Started GET "/assets/tests.css?body=1" for 127.0.0.1 at 2013-08-03 15:59:50 -0400
Served asset /tests.css - 200 OK (1ms)


Started GET "/assets/tests.js?body=1" for 127.0.0.1 at 2013-08-03 15:59:50 -0400
Served asset /tests.js - 200 OK (1ms)


Started GET "/assets/scaffolds.css?body=1" for 127.0.0.1 at 2013-08-03 15:59:51 -0400
Served asset /scaffolds.css - 200 OK (1ms)


Started GET "/assets/jquery_ujs.js?body=1" for 127.0.0.1 at 2013-08-03 15:59:51 -0400
Served asset /jquery_ujs.js - 200 OK (2ms)


Started GET "/assets/jquery.js?body=1" for 127.0.0.1 at 2013-08-03 15:59:51 -0400
Served asset /jquery.js - 200 OK (3ms)


Started GET "/users" for 127.0.0.1 at 2013-08-03 16:00:08 -0400

ActionController::RoutingError (No route matches [GET] "/users"):
  vendor/bundle/gems/actionpack-3.2.13/lib/action_dispatch/middleware/debug_exceptions.rb:21:in `call'
  vendor/bundle/gems/actionpack-3.2.13/lib/action_dispatch/middleware/show_exceptions.rb:56:in `call'
  vendor/bundle/gems/railties-3.2.13/lib/rails/rack/logger.rb:32:in `call_app'
  vendor/bundle/gems/railties-3.2.13/lib/rails/rack/logger.rb:16:in `block in call'
  vendor/bundle/gems/activesupport-3.2.13/lib/active_support/tagged_logging.rb:22:in `tagged'
  vendor/bundle/gems/railties-3.2.13/lib/rails/rack/logger.rb:16:in `call'
  vendor/bundle/gems/actionpack-3.2.13/lib/action_dispatch/middleware/request_id.rb:22:in `call'
  vendor/bundle/gems/rack-1.4.5/lib/rack/methodoverride.rb:21:in `call'
  vendor/bundle/gems/rack-1.4.5/lib/rack/runtime.rb:17:in `call'
  vendor/bundle/gems/activesupport-3.2.13/lib/active_support/cache/strategy/local_cache.rb:72:in `call'
  vendor/bundle/gems/rack-1.4.5/lib/rack/lock.rb:15:in `call'
  vendor/bundle/gems/actionpack-3.2.13/lib/action_dispatch/middleware/static.rb:63:in `call'
  vendor/bundle/gems/railties-3.2.13/lib/rails/engine.rb:479:in `call'
  vendor/bundle/gems/railties-3.2.13/lib/rails/application.rb:223:in `call'
  vendor/bundle/gems/rack-1.4.5/lib/rack/content_length.rb:14:in `call'
  vendor/bundle/gems/railties-3.2.13/lib/rails/rack/log_tailer.rb:17:in `call'
  vendor/bundle/gems/rack-1.4.5/lib/rack/handler/webrick.rb:59:in `service'
  /Users/joshuamartin/.rbenv/versions/1.9.3-p448/lib/ruby/1.9.1/webrick/httpserver.rb:138:in `service'
  /Users/joshuamartin/.rbenv/versions/1.9.3-p448/lib/ruby/1.9.1/webrick/httpserver.rb:94:in `run'
  /Users/joshuamartin/.rbenv/versions/1.9.3-p448/lib/ruby/1.9.1/webrick/server.rb:191:in `block in start_thread'


  Rendered vendor/bundle/gems/actionpack-3.2.13/lib/action_dispatch/middleware/templates/rescues/routing_error.erb within rescues/layout (0.8ms)
Connecting to database specified by database.yml


Started GET "/tests" for 127.0.0.1 at 2013-08-03 16:06:50 -0400
Processing by TestsController#index as HTML
  [1m[36mTest Load (0.6ms)[0m  [1mSELECT "tests".* FROM "tests" [0m
  Rendered tests/index.html.erb within layouts/application (40.4ms)
Completed 200 OK in 122ms (Views: 84.6ms | ActiveRecord: 9.7ms)


Started GET "/assets/jquery.js?body=1" for 127.0.0.1 at 2013-08-03 16:06:50 -0400
Served asset /jquery.js - 304 Not Modified (14ms)


Started GET "/users/sign_up" for 127.0.0.1 at 2013-08-03 16:06:53 -0400
Processing by Devise::RegistrationsController#new as HTML
  Rendered vendor/bundle/gems/devise-3.0.1/app/views/devise/shared/_links.erb (1.9ms)
  Rendered vendor/bundle/gems/devise-3.0.1/app/views/devise/registrations/new.html.erb within layouts/application (21.2ms)
Completed 200 OK in 58ms (Views: 36.9ms | ActiveRecord: 2.3ms)


Started GET "/assets/jquery.js?body=1" for 127.0.0.1 at 2013-08-03 16:06:53 -0400
Served asset /jquery.js - 304 Not Modified (0ms)


Started POST "/users" for 127.0.0.1 at 2013-08-03 16:07:22 -0400
Processing by Devise::RegistrationsController#create as HTML
  Parameters: {"utf8"=>"✓", "authenticity_token"=>"R2fwG/RszR/rSi5mMti9LssNfYQrz/AveyZa/kJCfOE=", "user"=>{"email"=>"josh@blackacredesign.com", "password"=>"[FILTERED]", "password_confirmation"=>"[FILTERED]"}, "commit"=>"Sign up"}
  [1m[35m (0.2ms)[0m  BEGIN
  [1m[36mUser Exists (1.2ms)[0m  [1mSELECT 1 AS one FROM "users" WHERE "users"."email" = 'josh@blackacredesign.com' LIMIT 1[0m
  [1m[35mSQL (5.5ms)[0m  INSERT INTO "users" ("created_at", "current_sign_in_at", "current_sign_in_ip", "email", "encrypted_password", "last_sign_in_at", "last_sign_in_ip", "remember_created_at", "reset_password_sent_at", "reset_password_token", "sign_in_count", "updated_at") VALUES ($1, $2, $3, $4, $5, $6, $7, $8, $9, $10, $11, $12) RETURNING "id"  [["created_at", Sat, 03 Aug 2013 20:07:22 UTC +00:00], ["current_sign_in_at", nil], ["current_sign_in_ip", nil], ["email", "josh@blackacredesign.com"], ["encrypted_password", "$2a$10$9K20H3UeuC6eaH7jAMdVCettOEuYBgioLmUU551jt5lUVUlgRpm0."], ["last_sign_in_at", nil], ["last_sign_in_ip", nil], ["remember_created_at", nil], ["reset_password_sent_at", nil], ["reset_password_token", nil], ["sign_in_count", 0], ["updated_at", Sat, 03 Aug 2013 20:07:22 UTC +00:00]]
  [1m[36m (0.6ms)[0m  [1mCOMMIT[0m
  [1m[35m (0.1ms)[0m  BEGIN
  [1m[36m (0.8ms)[0m  [1mUPDATE "users" SET "last_sign_in_at" = '2013-08-03 20:07:22.211876', "current_sign_in_at" = '2013-08-03 20:07:22.211876', "last_sign_in_ip" = '127.0.0.1', "current_sign_in_ip" = '127.0.0.1', "sign_in_count" = 1, "updated_at" = '2013-08-03 20:07:22.212949' WHERE "users"."id" = 1[0m
  [1m[35m (0.5ms)[0m  COMMIT
Redirected to http://localhost:3000/
Completed 302 Found in 138ms (ActiveRecord: 0.0ms)


Started GET "/assets/rails.png" for 127.0.0.1 at 2013-08-03 16:07:22 -0400
Served asset /rails.png - 304 Not Modified (1ms)


Started GET "/tests" for 127.0.0.1 at 2013-08-03 16:07:29 -0400
Processing by TestsController#index as HTML
  [1m[36mTest Load (0.7ms)[0m  [1mSELECT "tests".* FROM "tests" [0m
  [1m[35mUser Load (0.5ms)[0m  SELECT "users".* FROM "users" WHERE "users"."id" = 1 LIMIT 1
  Rendered tests/index.html.erb within layouts/application (15.2ms)
Completed 200 OK in 64ms (Views: 62.0ms | ActiveRecord: 1.2ms)


Started GET "/assets/jquery.js?body=1" for 127.0.0.1 at 2013-08-03 16:07:29 -0400
Served asset /jquery.js - 304 Not Modified (0ms)


Started GET "/assets/tests.js?body=1" for 127.0.0.1 at 2013-08-03 16:07:29 -0400
Served asset /tests.js - 304 Not Modified (1ms)


Started GET "/assets/tests.css?body=1" for 127.0.0.1 at 2013-08-03 16:07:29 -0400
Served asset /tests.css - 304 Not Modified (2ms)


Started GET "/assets/scaffolds.css?body=1" for 127.0.0.1 at 2013-08-03 16:07:29 -0400
Served asset /scaffolds.css - 304 Not Modified (1ms)


Started GET "/users/login" for 127.0.0.1 at 2013-08-03 16:10:32 -0400

ActionController::RoutingError (No route matches [GET] "/users/login"):
  vendor/bundle/gems/actionpack-3.2.13/lib/action_dispatch/middleware/debug_exceptions.rb:21:in `call'
  vendor/bundle/gems/actionpack-3.2.13/lib/action_dispatch/middleware/show_exceptions.rb:56:in `call'
  vendor/bundle/gems/railties-3.2.13/lib/rails/rack/logger.rb:32:in `call_app'
  vendor/bundle/gems/railties-3.2.13/lib/rails/rack/logger.rb:16:in `block in call'
  vendor/bundle/gems/activesupport-3.2.13/lib/active_support/tagged_logging.rb:22:in `tagged'
  vendor/bundle/gems/railties-3.2.13/lib/rails/rack/logger.rb:16:in `call'
  vendor/bundle/gems/actionpack-3.2.13/lib/action_dispatch/middleware/request_id.rb:22:in `call'
  vendor/bundle/gems/rack-1.4.5/lib/rack/methodoverride.rb:21:in `call'
  vendor/bundle/gems/rack-1.4.5/lib/rack/runtime.rb:17:in `call'
  vendor/bundle/gems/activesupport-3.2.13/lib/active_support/cache/strategy/local_cache.rb:72:in `call'
  vendor/bundle/gems/rack-1.4.5/lib/rack/lock.rb:15:in `call'
  vendor/bundle/gems/actionpack-3.2.13/lib/action_dispatch/middleware/static.rb:63:in `call'
  vendor/bundle/gems/railties-3.2.13/lib/rails/engine.rb:479:in `call'
  vendor/bundle/gems/railties-3.2.13/lib/rails/application.rb:223:in `call'
  vendor/bundle/gems/rack-1.4.5/lib/rack/content_length.rb:14:in `call'
  vendor/bundle/gems/railties-3.2.13/lib/rails/rack/log_tailer.rb:17:in `call'
  vendor/bundle/gems/rack-1.4.5/lib/rack/handler/webrick.rb:59:in `service'
  /Users/joshuamartin/.rbenv/versions/1.9.3-p448/lib/ruby/1.9.1/webrick/httpserver.rb:138:in `service'
  /Users/joshuamartin/.rbenv/versions/1.9.3-p448/lib/ruby/1.9.1/webrick/httpserver.rb:94:in `run'
  /Users/joshuamartin/.rbenv/versions/1.9.3-p448/lib/ruby/1.9.1/webrick/server.rb:191:in `block in start_thread'


  Rendered vendor/bundle/gems/actionpack-3.2.13/lib/action_dispatch/middleware/templates/rescues/routing_error.erb within rescues/layout (0.7ms)


Started GET "/users/edit" for 127.0.0.1 at 2013-08-03 16:10:38 -0400
Processing by Devise::RegistrationsController#edit as HTML
  [1m[36mUser Load (0.8ms)[0m  [1mSELECT "users".* FROM "users" WHERE "users"."id" = 1 LIMIT 1[0m
  Rendered vendor/bundle/gems/devise-3.0.1/app/views/devise/registrations/edit.html.erb within layouts/application (5.5ms)
Completed 200 OK in 24ms (Views: 20.5ms | ActiveRecord: 0.8ms)


Started GET "/assets/scaffolds.css?body=1" for 127.0.0.1 at 2013-08-03 16:10:38 -0400
Served asset /scaffolds.css - 304 Not Modified (0ms)


Started GET "/assets/application.css?body=1" for 127.0.0.1 at 2013-08-03 16:10:38 -0400
Served asset /application.css - 304 Not Modified (8ms)


Started GET "/assets/tests.css?body=1" for 127.0.0.1 at 2013-08-03 16:10:38 -0400
Served asset /tests.css - 304 Not Modified (0ms)


Started GET "/assets/jquery_ujs.js?body=1" for 127.0.0.1 at 2013-08-03 16:10:38 -0400
Served asset /jquery_ujs.js - 304 Not Modified (2ms)


Started GET "/assets/jquery.js?body=1" for 127.0.0.1 at 2013-08-03 16:10:38 -0400
Served asset /jquery.js - 304 Not Modified (0ms)


Started GET "/assets/tests.js?body=1" for 127.0.0.1 at 2013-08-03 16:10:38 -0400
Served asset /tests.js - 304 Not Modified (0ms)


Started GET "/assets/application.js?body=1" for 127.0.0.1 at 2013-08-03 16:10:38 -0400
Served asset /application.js - 304 Not Modified (6ms)


Started GET "/users/logout" for 127.0.0.1 at 2013-08-03 16:10:50 -0400

ActionController::RoutingError (No route matches [GET] "/users/logout"):
  vendor/bundle/gems/actionpack-3.2.13/lib/action_dispatch/middleware/debug_exceptions.rb:21:in `call'
  vendor/bundle/gems/actionpack-3.2.13/lib/action_dispatch/middleware/show_exceptions.rb:56:in `call'
  vendor/bundle/gems/railties-3.2.13/lib/rails/rack/logger.rb:32:in `call_app'
  vendor/bundle/gems/railties-3.2.13/lib/rails/rack/logger.rb:16:in `block in call'
  vendor/bundle/gems/activesupport-3.2.13/lib/active_support/tagged_logging.rb:22:in `tagged'
  vendor/bundle/gems/railties-3.2.13/lib/rails/rack/logger.rb:16:in `call'
  vendor/bundle/gems/actionpack-3.2.13/lib/action_dispatch/middleware/request_id.rb:22:in `call'
  vendor/bundle/gems/rack-1.4.5/lib/rack/methodoverride.rb:21:in `call'
  vendor/bundle/gems/rack-1.4.5/lib/rack/runtime.rb:17:in `call'
  vendor/bundle/gems/activesupport-3.2.13/lib/active_support/cache/strategy/local_cache.rb:72:in `call'
  vendor/bundle/gems/rack-1.4.5/lib/rack/lock.rb:15:in `call'
  vendor/bundle/gems/actionpack-3.2.13/lib/action_dispatch/middleware/static.rb:63:in `call'
  vendor/bundle/gems/railties-3.2.13/lib/rails/engine.rb:479:in `call'
  vendor/bundle/gems/railties-3.2.13/lib/rails/application.rb:223:in `call'
  vendor/bundle/gems/rack-1.4.5/lib/rack/content_length.rb:14:in `call'
  vendor/bundle/gems/railties-3.2.13/lib/rails/rack/log_tailer.rb:17:in `call'
  vendor/bundle/gems/rack-1.4.5/lib/rack/handler/webrick.rb:59:in `service'
  /Users/joshuamartin/.rbenv/versions/1.9.3-p448/lib/ruby/1.9.1/webrick/httpserver.rb:138:in `service'
  /Users/joshuamartin/.rbenv/versions/1.9.3-p448/lib/ruby/1.9.1/webrick/httpserver.rb:94:in `run'
  /Users/joshuamartin/.rbenv/versions/1.9.3-p448/lib/ruby/1.9.1/webrick/server.rb:191:in `block in start_thread'


  Rendered vendor/bundle/gems/actionpack-3.2.13/lib/action_dispatch/middleware/templates/rescues/routing_error.erb within rescues/layout (1.1ms)
Connecting to database specified by database.yml


Started GET "/users" for 127.0.0.1 at 2013-08-03 16:11:27 -0400

ActionController::RoutingError (No route matches [GET] "/users"):
  vendor/bundle/gems/actionpack-3.2.13/lib/action_dispatch/middleware/debug_exceptions.rb:21:in `call'
  vendor/bundle/gems/actionpack-3.2.13/lib/action_dispatch/middleware/show_exceptions.rb:56:in `call'
  vendor/bundle/gems/railties-3.2.13/lib/rails/rack/logger.rb:32:in `call_app'
  vendor/bundle/gems/railties-3.2.13/lib/rails/rack/logger.rb:16:in `block in call'
  vendor/bundle/gems/activesupport-3.2.13/lib/active_support/tagged_logging.rb:22:in `tagged'
  vendor/bundle/gems/railties-3.2.13/lib/rails/rack/logger.rb:16:in `call'
  vendor/bundle/gems/actionpack-3.2.13/lib/action_dispatch/middleware/request_id.rb:22:in `call'
  vendor/bundle/gems/rack-1.4.5/lib/rack/methodoverride.rb:21:in `call'
  vendor/bundle/gems/rack-1.4.5/lib/rack/runtime.rb:17:in `call'
  vendor/bundle/gems/activesupport-3.2.13/lib/active_support/cache/strategy/local_cache.rb:72:in `call'
  vendor/bundle/gems/rack-1.4.5/lib/rack/lock.rb:15:in `call'
  vendor/bundle/gems/actionpack-3.2.13/lib/action_dispatch/middleware/static.rb:63:in `call'
  vendor/bundle/gems/railties-3.2.13/lib/rails/engine.rb:479:in `call'
  vendor/bundle/gems/railties-3.2.13/lib/rails/application.rb:223:in `call'
  vendor/bundle/gems/rack-1.4.5/lib/rack/content_length.rb:14:in `call'
  vendor/bundle/gems/railties-3.2.13/lib/rails/rack/log_tailer.rb:17:in `call'
  vendor/bundle/gems/rack-1.4.5/lib/rack/handler/webrick.rb:59:in `service'
  /Users/joshuamartin/.rbenv/versions/1.9.3-p448/lib/ruby/1.9.1/webrick/httpserver.rb:138:in `service'
  /Users/joshuamartin/.rbenv/versions/1.9.3-p448/lib/ruby/1.9.1/webrick/httpserver.rb:94:in `run'
  /Users/joshuamartin/.rbenv/versions/1.9.3-p448/lib/ruby/1.9.1/webrick/server.rb:191:in `block in start_thread'


  Rendered vendor/bundle/gems/actionpack-3.2.13/lib/action_dispatch/middleware/templates/rescues/routing_error.erb within rescues/layout (0.7ms)


Started GET "/dashboard" for 127.0.0.1 at 2013-08-03 16:12:43 -0400

ActionController::RoutingError (No route matches [GET] "/dashboard"):
  vendor/bundle/gems/actionpack-3.2.13/lib/action_dispatch/middleware/debug_exceptions.rb:21:in `call'
  vendor/bundle/gems/actionpack-3.2.13/lib/action_dispatch/middleware/show_exceptions.rb:56:in `call'
  vendor/bundle/gems/railties-3.2.13/lib/rails/rack/logger.rb:32:in `call_app'
  vendor/bundle/gems/railties-3.2.13/lib/rails/rack/logger.rb:16:in `block in call'
  vendor/bundle/gems/activesupport-3.2.13/lib/active_support/tagged_logging.rb:22:in `tagged'
  vendor/bundle/gems/railties-3.2.13/lib/rails/rack/logger.rb:16:in `call'
  vendor/bundle/gems/actionpack-3.2.13/lib/action_dispatch/middleware/request_id.rb:22:in `call'
  vendor/bundle/gems/rack-1.4.5/lib/rack/methodoverride.rb:21:in `call'
  vendor/bundle/gems/rack-1.4.5/lib/rack/runtime.rb:17:in `call'
  vendor/bundle/gems/activesupport-3.2.13/lib/active_support/cache/strategy/local_cache.rb:72:in `call'
  vendor/bundle/gems/rack-1.4.5/lib/rack/lock.rb:15:in `call'
  vendor/bundle/gems/actionpack-3.2.13/lib/action_dispatch/middleware/static.rb:63:in `call'
  vendor/bundle/gems/railties-3.2.13/lib/rails/engine.rb:479:in `call'
  vendor/bundle/gems/railties-3.2.13/lib/rails/application.rb:223:in `call'
  vendor/bundle/gems/rack-1.4.5/lib/rack/content_length.rb:14:in `call'
  vendor/bundle/gems/railties-3.2.13/lib/rails/rack/log_tailer.rb:17:in `call'
  vendor/bundle/gems/rack-1.4.5/lib/rack/handler/webrick.rb:59:in `service'
  /Users/joshuamartin/.rbenv/versions/1.9.3-p448/lib/ruby/1.9.1/webrick/httpserver.rb:138:in `service'
  /Users/joshuamartin/.rbenv/versions/1.9.3-p448/lib/ruby/1.9.1/webrick/httpserver.rb:94:in `run'
  /Users/joshuamartin/.rbenv/versions/1.9.3-p448/lib/ruby/1.9.1/webrick/server.rb:191:in `block in start_thread'


  Rendered vendor/bundle/gems/actionpack-3.2.13/lib/action_dispatch/middleware/templates/rescues/routing_error.erb within rescues/layout (0.7ms)


Started GET "/devise" for 127.0.0.1 at 2013-08-03 16:12:44 -0400

ActionController::RoutingError (No route matches [GET] "/devise"):
  vendor/bundle/gems/actionpack-3.2.13/lib/action_dispatch/middleware/debug_exceptions.rb:21:in `call'
  vendor/bundle/gems/actionpack-3.2.13/lib/action_dispatch/middleware/show_exceptions.rb:56:in `call'
  vendor/bundle/gems/railties-3.2.13/lib/rails/rack/logger.rb:32:in `call_app'
  vendor/bundle/gems/railties-3.2.13/lib/rails/rack/logger.rb:16:in `block in call'
  vendor/bundle/gems/activesupport-3.2.13/lib/active_support/tagged_logging.rb:22:in `tagged'
  vendor/bundle/gems/railties-3.2.13/lib/rails/rack/logger.rb:16:in `call'
  vendor/bundle/gems/actionpack-3.2.13/lib/action_dispatch/middleware/request_id.rb:22:in `call'
  vendor/bundle/gems/rack-1.4.5/lib/rack/methodoverride.rb:21:in `call'
  vendor/bundle/gems/rack-1.4.5/lib/rack/runtime.rb:17:in `call'
  vendor/bundle/gems/activesupport-3.2.13/lib/active_support/cache/strategy/local_cache.rb:72:in `call'
  vendor/bundle/gems/rack-1.4.5/lib/rack/lock.rb:15:in `call'
  vendor/bundle/gems/actionpack-3.2.13/lib/action_dispatch/middleware/static.rb:63:in `call'
  vendor/bundle/gems/railties-3.2.13/lib/rails/engine.rb:479:in `call'
  vendor/bundle/gems/railties-3.2.13/lib/rails/application.rb:223:in `call'
  vendor/bundle/gems/rack-1.4.5/lib/rack/content_length.rb:14:in `call'
  vendor/bundle/gems/railties-3.2.13/lib/rails/rack/log_tailer.rb:17:in `call'
  vendor/bundle/gems/rack-1.4.5/lib/rack/handler/webrick.rb:59:in `service'
  /Users/joshuamartin/.rbenv/versions/1.9.3-p448/lib/ruby/1.9.1/webrick/httpserver.rb:138:in `service'
  /Users/joshuamartin/.rbenv/versions/1.9.3-p448/lib/ruby/1.9.1/webrick/httpserver.rb:94:in `run'
  /Users/joshuamartin/.rbenv/versions/1.9.3-p448/lib/ruby/1.9.1/webrick/server.rb:191:in `block in start_thread'


  Rendered vendor/bundle/gems/actionpack-3.2.13/lib/action_dispatch/middleware/templates/rescues/routing_error.erb within rescues/layout (0.8ms)


Started GET "/users/" for 127.0.0.1 at 2013-08-03 16:12:47 -0400

ActionController::RoutingError (No route matches [GET] "/users"):
  vendor/bundle/gems/actionpack-3.2.13/lib/action_dispatch/middleware/debug_exceptions.rb:21:in `call'
  vendor/bundle/gems/actionpack-3.2.13/lib/action_dispatch/middleware/show_exceptions.rb:56:in `call'
  vendor/bundle/gems/railties-3.2.13/lib/rails/rack/logger.rb:32:in `call_app'
  vendor/bundle/gems/railties-3.2.13/lib/rails/rack/logger.rb:16:in `block in call'
  vendor/bundle/gems/activesupport-3.2.13/lib/active_support/tagged_logging.rb:22:in `tagged'
  vendor/bundle/gems/railties-3.2.13/lib/rails/rack/logger.rb:16:in `call'
  vendor/bundle/gems/actionpack-3.2.13/lib/action_dispatch/middleware/request_id.rb:22:in `call'
  vendor/bundle/gems/rack-1.4.5/lib/rack/methodoverride.rb:21:in `call'
  vendor/bundle/gems/rack-1.4.5/lib/rack/runtime.rb:17:in `call'
  vendor/bundle/gems/activesupport-3.2.13/lib/active_support/cache/strategy/local_cache.rb:72:in `call'
  vendor/bundle/gems/rack-1.4.5/lib/rack/lock.rb:15:in `call'
  vendor/bundle/gems/actionpack-3.2.13/lib/action_dispatch/middleware/static.rb:63:in `call'
  vendor/bundle/gems/railties-3.2.13/lib/rails/engine.rb:479:in `call'
  vendor/bundle/gems/railties-3.2.13/lib/rails/application.rb:223:in `call'
  vendor/bundle/gems/rack-1.4.5/lib/rack/content_length.rb:14:in `call'
  vendor/bundle/gems/railties-3.2.13/lib/rails/rack/log_tailer.rb:17:in `call'
  vendor/bundle/gems/rack-1.4.5/lib/rack/handler/webrick.rb:59:in `service'
  /Users/joshuamartin/.rbenv/versions/1.9.3-p448/lib/ruby/1.9.1/webrick/httpserver.rb:138:in `service'
  /Users/joshuamartin/.rbenv/versions/1.9.3-p448/lib/ruby/1.9.1/webrick/httpserver.rb:94:in `run'
  /Users/joshuamartin/.rbenv/versions/1.9.3-p448/lib/ruby/1.9.1/webrick/server.rb:191:in `block in start_thread'


  Rendered vendor/bundle/gems/actionpack-3.2.13/lib/action_dispatch/middleware/templates/rescues/routing_error.erb within rescues/layout (0.9ms)


Started GET "/tests" for 127.0.0.1 at 2013-08-03 16:12:50 -0400
Processing by TestsController#index as HTML
  [1m[35mTest Load (0.4ms)[0m  SELECT "tests".* FROM "tests" 
  [1m[36mUser Load (0.5ms)[0m  [1mSELECT "users".* FROM "users" WHERE "users"."id" = 1 LIMIT 1[0m
  Rendered tests/index.html.erb within layouts/application (18.5ms)
Completed 200 OK in 45ms (Views: 42.7ms | ActiveRecord: 0.9ms)


Started GET "/assets/application.css?body=1" for 127.0.0.1 at 2013-08-03 16:12:50 -0400
Served asset /application.css - 304 Not Modified (0ms)


Started GET "/assets/scaffolds.css?body=1" for 127.0.0.1 at 2013-08-03 16:12:50 -0400
Served asset /scaffolds.css - 304 Not Modified (0ms)


Started GET "/assets/jquery.js?body=1" for 127.0.0.1 at 2013-08-03 16:12:50 -0400
Served asset /jquery.js - 304 Not Modified (0ms)


Started GET "/assets/tests.css?body=1" for 127.0.0.1 at 2013-08-03 16:12:50 -0400
Served asset /tests.css - 304 Not Modified (0ms)


Started GET "/assets/tests.js?body=1" for 127.0.0.1 at 2013-08-03 16:12:50 -0400
Served asset /tests.js - 304 Not Modified (0ms)


Started GET "/assets/jquery_ujs.js?body=1" for 127.0.0.1 at 2013-08-03 16:12:50 -0400
Served asset /jquery_ujs.js - 304 Not Modified (0ms)


Started GET "/assets/application.js?body=1" for 127.0.0.1 at 2013-08-03 16:12:50 -0400
Served asset /application.js - 304 Not Modified (0ms)


Started DELETE "/users/sign_out" for 127.0.0.1 at 2013-08-03 16:12:52 -0400
Processing by Devise::SessionsController#destroy as HTML
  Parameters: {"authenticity_token"=>"R2fwG/RszR/rSi5mMti9LssNfYQrz/AveyZa/kJCfOE="}
  [1m[35mUser Load (0.6ms)[0m  SELECT "users".* FROM "users" WHERE "users"."id" = 1 LIMIT 1
  [1m[36m (0.2ms)[0m  [1mBEGIN[0m
  [1m[35m (0.1ms)[0m  COMMIT
Redirected to http://localhost:3000/
Completed 302 Found in 8ms (ActiveRecord: 0.8ms)


Started GET "/assets/rails.png" for 127.0.0.1 at 2013-08-03 16:12:52 -0400
Served asset /rails.png - 304 Not Modified (0ms)


Started GET "/tests" for 127.0.0.1 at 2013-08-03 16:12:56 -0400
Processing by TestsController#index as HTML
  [1m[36mTest Load (0.4ms)[0m  [1mSELECT "tests".* FROM "tests" [0m
  Rendered tests/index.html.erb within layouts/application (1.2ms)
Completed 200 OK in 30ms (Views: 28.4ms | ActiveRecord: 0.4ms)


Started GET "/assets/application.css?body=1" for 127.0.0.1 at 2013-08-03 16:12:56 -0400
Served asset /application.css - 304 Not Modified (0ms)


Started GET "/assets/jquery_ujs.js?body=1" for 127.0.0.1 at 2013-08-03 16:12:56 -0400
Served asset /jquery_ujs.js - 304 Not Modified (0ms)


Started GET "/assets/jquery.js?body=1" for 127.0.0.1 at 2013-08-03 16:12:56 -0400
Served asset /jquery.js - 304 Not Modified (0ms)


Started GET "/assets/scaffolds.css?body=1" for 127.0.0.1 at 2013-08-03 16:12:56 -0400
Served asset /scaffolds.css - 304 Not Modified (0ms)


Started GET "/assets/tests.css?body=1" for 127.0.0.1 at 2013-08-03 16:12:56 -0400
Served asset /tests.css - 304 Not Modified (0ms)


Started GET "/assets/tests.js?body=1" for 127.0.0.1 at 2013-08-03 16:12:56 -0400
Served asset /tests.js - 304 Not Modified (0ms)


Started GET "/assets/application.js?body=1" for 127.0.0.1 at 2013-08-03 16:12:56 -0400
Served asset /application.js - 304 Not Modified (0ms)


Started GET "/tests/" for 127.0.0.1 at 2013-08-03 16:12:57 -0400
Processing by TestsController#index as HTML
  [1m[35mTest Load (0.3ms)[0m  SELECT "tests".* FROM "tests" 
  Rendered tests/index.html.erb within layouts/application (1.0ms)
Completed 200 OK in 17ms (Views: 15.8ms | ActiveRecord: 0.3ms)


Started GET "/assets/scaffolds.css?body=1" for 127.0.0.1 at 2013-08-03 16:12:57 -0400
Served asset /scaffolds.css - 304 Not Modified (0ms)


Started GET "/assets/tests.css?body=1" for 127.0.0.1 at 2013-08-03 16:12:57 -0400
Served asset /tests.css - 304 Not Modified (0ms)


Started GET "/assets/jquery.js?body=1" for 127.0.0.1 at 2013-08-03 16:12:57 -0400
Served asset /jquery.js - 304 Not Modified (0ms)


Started GET "/assets/jquery_ujs.js?body=1" for 127.0.0.1 at 2013-08-03 16:12:57 -0400
Served asset /jquery_ujs.js - 304 Not Modified (0ms)


Started GET "/assets/tests.js?body=1" for 127.0.0.1 at 2013-08-03 16:12:57 -0400
Served asset /tests.js - 304 Not Modified (0ms)


Started GET "/assets/application.css?body=1" for 127.0.0.1 at 2013-08-03 16:12:57 -0400
Served asset /application.css - 304 Not Modified (0ms)


Started GET "/assets/application.js?body=1" for 127.0.0.1 at 2013-08-03 16:12:57 -0400
Served asset /application.js - 304 Not Modified (0ms)


Started GET "/users/sign_up" for 127.0.0.1 at 2013-08-03 16:12:59 -0400
Processing by Devise::RegistrationsController#new as HTML
  Rendered devise/shared/_links.erb (1.8ms)
  Rendered devise/registrations/new.html.erb within layouts/application (6.3ms)
Completed 200 OK in 24ms (Views: 23.4ms | ActiveRecord: 0.0ms)


Started GET "/assets/scaffolds.css?body=1" for 127.0.0.1 at 2013-08-03 16:12:59 -0400
Served asset /scaffolds.css - 304 Not Modified (0ms)


Started GET "/assets/application.js?body=1" for 127.0.0.1 at 2013-08-03 16:12:59 -0400
Served asset /application.js - 304 Not Modified (0ms)


Started GET "/assets/tests.css?body=1" for 127.0.0.1 at 2013-08-03 16:12:59 -0400
Served asset /tests.css - 304 Not Modified (0ms)


Started GET "/assets/jquery_ujs.js?body=1" for 127.0.0.1 at 2013-08-03 16:12:59 -0400
Served asset /jquery_ujs.js - 304 Not Modified (0ms)


Started GET "/assets/jquery.js?body=1" for 127.0.0.1 at 2013-08-03 16:12:59 -0400
Served asset /jquery.js - 304 Not Modified (0ms)


Started GET "/assets/tests.js?body=1" for 127.0.0.1 at 2013-08-03 16:12:59 -0400
Served asset /tests.js - 304 Not Modified (0ms)


Started GET "/assets/application.css?body=1" for 127.0.0.1 at 2013-08-03 16:12:59 -0400
Served asset /application.css - 304 Not Modified (0ms)


Started GET "/users/" for 127.0.0.1 at 2013-08-03 16:13:03 -0400

ActionController::RoutingError (No route matches [GET] "/users"):
  vendor/bundle/gems/actionpack-3.2.13/lib/action_dispatch/middleware/debug_exceptions.rb:21:in `call'
  vendor/bundle/gems/actionpack-3.2.13/lib/action_dispatch/middleware/show_exceptions.rb:56:in `call'
  vendor/bundle/gems/railties-3.2.13/lib/rails/rack/logger.rb:32:in `call_app'
  vendor/bundle/gems/railties-3.2.13/lib/rails/rack/logger.rb:16:in `block in call'
  vendor/bundle/gems/activesupport-3.2.13/lib/active_support/tagged_logging.rb:22:in `tagged'
  vendor/bundle/gems/railties-3.2.13/lib/rails/rack/logger.rb:16:in `call'
  vendor/bundle/gems/actionpack-3.2.13/lib/action_dispatch/middleware/request_id.rb:22:in `call'
  vendor/bundle/gems/rack-1.4.5/lib/rack/methodoverride.rb:21:in `call'
  vendor/bundle/gems/rack-1.4.5/lib/rack/runtime.rb:17:in `call'
  vendor/bundle/gems/activesupport-3.2.13/lib/active_support/cache/strategy/local_cache.rb:72:in `call'
  vendor/bundle/gems/rack-1.4.5/lib/rack/lock.rb:15:in `call'
  vendor/bundle/gems/actionpack-3.2.13/lib/action_dispatch/middleware/static.rb:63:in `call'
  vendor/bundle/gems/railties-3.2.13/lib/rails/engine.rb:479:in `call'
  vendor/bundle/gems/railties-3.2.13/lib/rails/application.rb:223:in `call'
  vendor/bundle/gems/rack-1.4.5/lib/rack/content_length.rb:14:in `call'
  vendor/bundle/gems/railties-3.2.13/lib/rails/rack/log_tailer.rb:17:in `call'
  vendor/bundle/gems/rack-1.4.5/lib/rack/handler/webrick.rb:59:in `service'
  /Users/joshuamartin/.rbenv/versions/1.9.3-p448/lib/ruby/1.9.1/webrick/httpserver.rb:138:in `service'
  /Users/joshuamartin/.rbenv/versions/1.9.3-p448/lib/ruby/1.9.1/webrick/httpserver.rb:94:in `run'
  /Users/joshuamartin/.rbenv/versions/1.9.3-p448/lib/ruby/1.9.1/webrick/server.rb:191:in `block in start_thread'


  Rendered vendor/bundle/gems/actionpack-3.2.13/lib/action_dispatch/middleware/templates/rescues/routing_error.erb within rescues/layout (59.0ms)


Started GET "/users/sign_up" for 127.0.0.1 at 2013-08-03 16:13:09 -0400
Processing by Devise::RegistrationsController#new as HTML
  Rendered devise/shared/_links.erb (0.9ms)
  Rendered devise/registrations/new.html.erb within layouts/application (4.9ms)
Completed 200 OK in 20ms (Views: 19.7ms | ActiveRecord: 0.0ms)


Started GET "/assets/application.css?body=1" for 127.0.0.1 at 2013-08-03 16:13:09 -0400
Served asset /application.css - 304 Not Modified (0ms)


Started GET "/assets/scaffolds.css?body=1" for 127.0.0.1 at 2013-08-03 16:13:10 -0400
Served asset /scaffolds.css - 304 Not Modified (0ms)


Started GET "/assets/jquery.js?body=1" for 127.0.0.1 at 2013-08-03 16:13:10 -0400
Served asset /jquery.js - 304 Not Modified (0ms)


Started GET "/assets/jquery_ujs.js?body=1" for 127.0.0.1 at 2013-08-03 16:13:10 -0400
Served asset /jquery_ujs.js - 304 Not Modified (0ms)


Started GET "/assets/tests.css?body=1" for 127.0.0.1 at 2013-08-03 16:13:10 -0400
Served asset /tests.css - 304 Not Modified (0ms)


Started GET "/assets/tests.js?body=1" for 127.0.0.1 at 2013-08-03 16:13:10 -0400
Served asset /tests.js - 304 Not Modified (0ms)


Started GET "/assets/application.js?body=1" for 127.0.0.1 at 2013-08-03 16:13:10 -0400
Served asset /application.js - 304 Not Modified (0ms)


Started GET "/assets/rails.png" for 127.0.0.1 at 2013-08-03 16:14:00 -0400
Served asset /rails.png - 304 Not Modified (0ms)


Started GET "/tests/" for 127.0.0.1 at 2013-08-03 16:15:34 -0400
Processing by TestsController#index as HTML
  [1m[36mTest Load (0.4ms)[0m  [1mSELECT "tests".* FROM "tests" [0m
  Rendered tests/index.html.erb within layouts/application (1.1ms)
Completed 200 OK in 16ms (Views: 14.7ms | ActiveRecord: 0.4ms)


Started GET "/assets/application.css?body=1" for 127.0.0.1 at 2013-08-03 16:15:34 -0400
Served asset /application.css - 304 Not Modified (0ms)


Started GET "/assets/tests.css?body=1" for 127.0.0.1 at 2013-08-03 16:15:34 -0400
Served asset /tests.css - 304 Not Modified (0ms)


Started GET "/assets/jquery.js?body=1" for 127.0.0.1 at 2013-08-03 16:15:34 -0400
Served asset /jquery.js - 304 Not Modified (0ms)


Started GET "/assets/tests.js?body=1" for 127.0.0.1 at 2013-08-03 16:15:34 -0400
Served asset /tests.js - 304 Not Modified (0ms)


Started GET "/assets/scaffolds.css?body=1" for 127.0.0.1 at 2013-08-03 16:15:34 -0400
Served asset /scaffolds.css - 304 Not Modified (0ms)


Started GET "/assets/jquery_ujs.js?body=1" for 127.0.0.1 at 2013-08-03 16:15:34 -0400
Served asset /jquery_ujs.js - 304 Not Modified (0ms)


Started GET "/assets/application.js?body=1" for 127.0.0.1 at 2013-08-03 16:15:34 -0400
Served asset /application.js - 304 Not Modified (0ms)


Started GET "/users/sign_up" for 127.0.0.1 at 2013-08-03 16:15:37 -0400
Processing by Devise::RegistrationsController#new as HTML
  Rendered devise/shared/_links.erb (0.5ms)
  Rendered devise/registrations/new.html.erb within layouts/application (3.4ms)
Completed 200 OK in 18ms (Views: 17.7ms | ActiveRecord: 0.0ms)


Started GET "/assets/application.css?body=1" for 127.0.0.1 at 2013-08-03 16:15:37 -0400
Served asset /application.css - 304 Not Modified (0ms)


Started GET "/assets/scaffolds.css?body=1" for 127.0.0.1 at 2013-08-03 16:15:37 -0400
Served asset /scaffolds.css - 304 Not Modified (0ms)


Started GET "/assets/tests.css?body=1" for 127.0.0.1 at 2013-08-03 16:15:37 -0400
Served asset /tests.css - 304 Not Modified (0ms)


Started GET "/assets/jquery.js?body=1" for 127.0.0.1 at 2013-08-03 16:15:37 -0400
Served asset /jquery.js - 304 Not Modified (0ms)


Started GET "/assets/jquery_ujs.js?body=1" for 127.0.0.1 at 2013-08-03 16:15:37 -0400
Served asset /jquery_ujs.js - 304 Not Modified (0ms)


Started GET "/assets/tests.js?body=1" for 127.0.0.1 at 2013-08-03 16:15:37 -0400
Served asset /tests.js - 304 Not Modified (0ms)


Started GET "/assets/application.js?body=1" for 127.0.0.1 at 2013-08-03 16:15:37 -0400
Served asset /application.js - 304 Not Modified (0ms)


Started GET "/users/sign_in" for 127.0.0.1 at 2013-08-03 16:15:40 -0400
Processing by Devise::SessionsController#new as HTML
  Rendered devise/shared/_links.erb (0.8ms)
  Rendered devise/sessions/new.html.erb within layouts/application (5.8ms)
Completed 200 OK in 21ms (Views: 20.0ms | ActiveRecord: 0.0ms)


Started GET "/assets/application.css?body=1" for 127.0.0.1 at 2013-08-03 16:15:40 -0400
Served asset /application.css - 304 Not Modified (0ms)


Started GET "/assets/scaffolds.css?body=1" for 127.0.0.1 at 2013-08-03 16:15:40 -0400
Served asset /scaffolds.css - 304 Not Modified (0ms)


Started GET "/assets/jquery.js?body=1" for 127.0.0.1 at 2013-08-03 16:15:40 -0400
Served asset /jquery.js - 304 Not Modified (0ms)


Started GET "/assets/tests.js?body=1" for 127.0.0.1 at 2013-08-03 16:15:40 -0400
Served asset /tests.js - 304 Not Modified (0ms)


Started GET "/assets/jquery_ujs.js?body=1" for 127.0.0.1 at 2013-08-03 16:15:40 -0400
Served asset /jquery_ujs.js - 304 Not Modified (0ms)


Started GET "/assets/tests.css?body=1" for 127.0.0.1 at 2013-08-03 16:15:40 -0400
Served asset /tests.css - 304 Not Modified (0ms)


Started GET "/assets/application.js?body=1" for 127.0.0.1 at 2013-08-03 16:15:40 -0400
Served asset /application.js - 304 Not Modified (0ms)


Started POST "/users/sign_in" for 127.0.0.1 at 2013-08-03 16:16:22 -0400
Processing by Devise::SessionsController#create as HTML
  Parameters: {"utf8"=>"✓", "authenticity_token"=>"y3Km++QLJy8QrmVGeSzU7BvxIokkuF92XMV3my+ryMo=", "user"=>{"email"=>"josh@blackacredesign.com", "password"=>"[FILTERED]", "remember_me"=>"0"}, "commit"=>"Sign in"}
  [1m[35mUser Load (0.6ms)[0m  SELECT "users".* FROM "users" WHERE "users"."email" = 'josh@blackacredesign.com' LIMIT 1
  [1m[36m (0.1ms)[0m  [1mBEGIN[0m
  [1m[35m (0.4ms)[0m  UPDATE "users" SET "current_sign_in_at" = '2013-08-03 20:16:22.803537', "sign_in_count" = 2, "updated_at" = '2013-08-03 20:16:22.804461' WHERE "users"."id" = 1
  [1m[36m (1.6ms)[0m  [1mCOMMIT[0m
Redirected to http://localhost:3000/
Completed 302 Found in 103ms (ActiveRecord: 0.0ms)


Started GET "/assets/rails.png" for 127.0.0.1 at 2013-08-03 16:16:22 -0400
Served asset /rails.png - 304 Not Modified (0ms)
Connecting to database specified by database.yml
Connecting to database specified by database.yml
Connecting to database specified by database.yml
Connecting to database specified by database.yml
  [1m[36m (0.5ms)[0m  [1mSELECT "schema_migrations"."version" FROM "schema_migrations" [0m
Migrating to CreateTests (20130803184415)
Migrating to DeviseCreateUsers (20130803195116)
Migrating to AddDeviseToUsers (20130803195804)
  [1m[35m (0.1ms)[0m  BEGIN
  [1m[36m (0.7ms)[0m  [1mALTER TABLE "users" ADD COLUMN "email" character varying(255) DEFAULT '' NOT NULL[0m
PG::DuplicateColumn: ERROR:  column "email" of relation "users" already exists
: ALTER TABLE "users" ADD COLUMN "email" character varying(255) DEFAULT '' NOT NULL
  [1m[35m (0.1ms)[0m  ROLLBACK


Started GET "/assets/rails.png" for 127.0.0.1 at 2013-08-03 16:37:33 -0400
Served asset /rails.png - 304 Not Modified (0ms)


Started GET "/activities" for 127.0.0.1 at 2013-08-03 16:38:23 -0400

ActionController::RoutingError (No route matches [GET] "/activities"):
  vendor/bundle/gems/actionpack-3.2.13/lib/action_dispatch/middleware/debug_exceptions.rb:21:in `call'
  vendor/bundle/gems/actionpack-3.2.13/lib/action_dispatch/middleware/show_exceptions.rb:56:in `call'
  vendor/bundle/gems/railties-3.2.13/lib/rails/rack/logger.rb:32:in `call_app'
  vendor/bundle/gems/railties-3.2.13/lib/rails/rack/logger.rb:16:in `block in call'
  vendor/bundle/gems/activesupport-3.2.13/lib/active_support/tagged_logging.rb:22:in `tagged'
  vendor/bundle/gems/railties-3.2.13/lib/rails/rack/logger.rb:16:in `call'
  vendor/bundle/gems/actionpack-3.2.13/lib/action_dispatch/middleware/request_id.rb:22:in `call'
  vendor/bundle/gems/rack-1.4.5/lib/rack/methodoverride.rb:21:in `call'
  vendor/bundle/gems/rack-1.4.5/lib/rack/runtime.rb:17:in `call'
  vendor/bundle/gems/activesupport-3.2.13/lib/active_support/cache/strategy/local_cache.rb:72:in `call'
  vendor/bundle/gems/rack-1.4.5/lib/rack/lock.rb:15:in `call'
  vendor/bundle/gems/actionpack-3.2.13/lib/action_dispatch/middleware/static.rb:63:in `call'
  vendor/bundle/gems/railties-3.2.13/lib/rails/engine.rb:479:in `call'
  vendor/bundle/gems/railties-3.2.13/lib/rails/application.rb:223:in `call'
  vendor/bundle/gems/rack-1.4.5/lib/rack/content_length.rb:14:in `call'
  vendor/bundle/gems/railties-3.2.13/lib/rails/rack/log_tailer.rb:17:in `call'
  vendor/bundle/gems/rack-1.4.5/lib/rack/handler/webrick.rb:59:in `service'
  /Users/joshuamartin/.rbenv/versions/1.9.3-p448/lib/ruby/1.9.1/webrick/httpserver.rb:138:in `service'
  /Users/joshuamartin/.rbenv/versions/1.9.3-p448/lib/ruby/1.9.1/webrick/httpserver.rb:94:in `run'
  /Users/joshuamartin/.rbenv/versions/1.9.3-p448/lib/ruby/1.9.1/webrick/server.rb:191:in `block in start_thread'


  Rendered vendor/bundle/gems/actionpack-3.2.13/lib/action_dispatch/middleware/templates/rescues/routing_error.erb within rescues/layout (0.8ms)


Started GET "/articles/" for 127.0.0.1 at 2013-08-03 16:38:25 -0400
Processing by ArticlesController#index as HTML
PG::UndefinedTable: ERROR:  relation "articles" does not exist
LINE 5:              WHERE a.attrelid = '"articles"'::regclass
                                        ^
:             SELECT a.attname, format_type(a.atttypid, a.atttypmod),
                     pg_get_expr(d.adbin, d.adrelid), a.attnotnull, a.atttypid, a.atttypmod
              FROM pg_attribute a LEFT JOIN pg_attrdef d
                ON a.attrelid = d.adrelid AND a.attnum = d.adnum
             WHERE a.attrelid = '"articles"'::regclass
               AND a.attnum > 0 AND NOT a.attisdropped
             ORDER BY a.attnum

Completed 500 Internal Server Error in 3ms

ActiveRecord::StatementInvalid (PG::UndefinedTable: ERROR:  relation "articles" does not exist
LINE 5:              WHERE a.attrelid = '"articles"'::regclass
                                        ^
:             SELECT a.attname, format_type(a.atttypid, a.atttypmod),
                     pg_get_expr(d.adbin, d.adrelid), a.attnotnull, a.atttypid, a.atttypmod
              FROM pg_attribute a LEFT JOIN pg_attrdef d
                ON a.attrelid = d.adrelid AND a.attnum = d.adnum
             WHERE a.attrelid = '"articles"'::regclass
               AND a.attnum > 0 AND NOT a.attisdropped
             ORDER BY a.attnum
):
  app/controllers/articles_controller.rb:5:in `index'


  Rendered vendor/bundle/gems/actionpack-3.2.13/lib/action_dispatch/middleware/templates/rescues/_trace.erb (1.6ms)
  Rendered vendor/bundle/gems/actionpack-3.2.13/lib/action_dispatch/middleware/templates/rescues/_request_and_response.erb (1.2ms)
  Rendered vendor/bundle/gems/actionpack-3.2.13/lib/action_dispatch/middleware/templates/rescues/diagnostics.erb within rescues/layout (14.1ms)


Started GET "/articles/" for 127.0.0.1 at 2013-08-03 16:38:46 -0400
Processing by ArticlesController#index as HTML
PG::UndefinedTable: ERROR:  relation "articles" does not exist
LINE 5:              WHERE a.attrelid = '"articles"'::regclass
                                        ^
:             SELECT a.attname, format_type(a.atttypid, a.atttypmod),
                     pg_get_expr(d.adbin, d.adrelid), a.attnotnull, a.atttypid, a.atttypmod
              FROM pg_attribute a LEFT JOIN pg_attrdef d
                ON a.attrelid = d.adrelid AND a.attnum = d.adnum
             WHERE a.attrelid = '"articles"'::regclass
               AND a.attnum > 0 AND NOT a.attisdropped
             ORDER BY a.attnum

Completed 500 Internal Server Error in 2ms

ActiveRecord::StatementInvalid (PG::UndefinedTable: ERROR:  relation "articles" does not exist
LINE 5:              WHERE a.attrelid = '"articles"'::regclass
                                        ^
:             SELECT a.attname, format_type(a.atttypid, a.atttypmod),
                     pg_get_expr(d.adbin, d.adrelid), a.attnotnull, a.atttypid, a.atttypmod
              FROM pg_attribute a LEFT JOIN pg_attrdef d
                ON a.attrelid = d.adrelid AND a.attnum = d.adnum
             WHERE a.attrelid = '"articles"'::regclass
               AND a.attnum > 0 AND NOT a.attisdropped
             ORDER BY a.attnum
):
  app/controllers/articles_controller.rb:5:in `index'


  Rendered vendor/bundle/gems/actionpack-3.2.13/lib/action_dispatch/middleware/templates/rescues/_trace.erb (1.5ms)
  Rendered vendor/bundle/gems/actionpack-3.2.13/lib/action_dispatch/middleware/templates/rescues/_request_and_response.erb (1.2ms)
  Rendered vendor/bundle/gems/actionpack-3.2.13/lib/action_dispatch/middleware/templates/rescues/diagnostics.erb within rescues/layout (10.3ms)
Connecting to database specified by database.yml
  [1m[36m (0.4ms)[0m  [1mSELECT "schema_migrations"."version" FROM "schema_migrations" [0m
Migrating to CreateTests (20130803184415)
Migrating to DeviseCreateUsers (20130803195116)
Migrating to AddDeviseToUsers (20130803195804)
  [1m[35m (0.2ms)[0m  BEGIN
  [1m[36m (0.7ms)[0m  [1mALTER TABLE "users" ADD COLUMN "email" character varying(255) DEFAULT '' NOT NULL[0m
PG::DuplicateColumn: ERROR:  column "email" of relation "users" already exists
: ALTER TABLE "users" ADD COLUMN "email" character varying(255) DEFAULT '' NOT NULL
  [1m[35m (0.1ms)[0m  ROLLBACK
Connecting to database specified by database.yml
  [1m[36m (0.4ms)[0m  [1mSELECT "schema_migrations"."version" FROM "schema_migrations" [0m
Migrating to CreateTests (20130803184415)
Migrating to DeviseCreateUsers (20130803195116)
Migrating to AddDeviseToUsers (20130803195804)
  [1m[35m (0.1ms)[0m  BEGIN
  [1m[36m (0.5ms)[0m  [1mALTER TABLE "users" ADD COLUMN "email" character varying(255) DEFAULT '' NOT NULL[0m
PG::UndefinedTable: ERROR:  relation "users" does not exist
: ALTER TABLE "users" ADD COLUMN "email" character varying(255) DEFAULT '' NOT NULL
  [1m[35m (0.1ms)[0m  ROLLBACK
Connecting to database specified by database.yml
  [1m[36m (0.4ms)[0m  [1mSELECT "schema_migrations"."version" FROM "schema_migrations" [0m
  [1m[35m (0.2ms)[0m  SELECT "schema_migrations"."version" FROM "schema_migrations" 
Migrating to DeviseCreateUsers (20130803195116)
  [1m[36m (0.1ms)[0m  [1mBEGIN[0m
  [1m[35m (0.1ms)[0m  ROLLBACK
Connecting to database specified by database.yml
  [1m[36m (0.3ms)[0m  [1mSELECT "schema_migrations"."version" FROM "schema_migrations" [0m
Migrating to CreateTests (20130803184415)
Migrating to DeviseCreateUsers (20130803195116)
Migrating to AddDeviseToUsers (20130803195804)
  [1m[35m (0.1ms)[0m  BEGIN
  [1m[36m (0.5ms)[0m  [1mALTER TABLE "users" ADD COLUMN "email" character varying(255) DEFAULT '' NOT NULL[0m
PG::UndefinedTable: ERROR:  relation "users" does not exist
: ALTER TABLE "users" ADD COLUMN "email" character varying(255) DEFAULT '' NOT NULL
  [1m[35m (0.1ms)[0m  ROLLBACK
Connecting to database specified by database.yml
  [1m[36m (0.4ms)[0m  [1mSELECT "schema_migrations"."version" FROM "schema_migrations" [0m
  [1m[35m (0.2ms)[0m  SELECT "schema_migrations"."version" FROM "schema_migrations" 
Migrating to DeviseCreateUsers (20130803195116)
  [1m[36m (0.1ms)[0m  [1mBEGIN[0m
  [1m[35m (0.1ms)[0m  ROLLBACK
Connecting to database specified by database.yml
  [1m[36m (0.3ms)[0m  [1mSELECT "schema_migrations"."version" FROM "schema_migrations" [0m
  [1m[35m (0.2ms)[0m  SELECT "schema_migrations"."version" FROM "schema_migrations" 
Migrating to DeviseCreateUsers (20130803195116)
  [1m[36m (0.1ms)[0m  [1mBEGIN[0m
  [1m[35m (3.3ms)[0m  DELETE FROM "schema_migrations" WHERE "schema_migrations"."version" = '20130803195116'
  [1m[36m (0.7ms)[0m  [1mCOMMIT[0m
  [1m[35m (0.2ms)[0m  SELECT "schema_migrations"."version" FROM "schema_migrations" 
Connecting to database specified by database.yml
  [1m[36m (0.3ms)[0m  [1mSELECT "schema_migrations"."version" FROM "schema_migrations" [0m
  [1m[35m (0.2ms)[0m  SELECT "schema_migrations"."version" FROM "schema_migrations" 
Migrating to CreateTests (20130803184415)
  [1m[36m (0.1ms)[0m  [1mBEGIN[0m
  [1m[35m (2.0ms)[0m  DROP TABLE "tests"
  [1m[36m (1.0ms)[0m  [1mDELETE FROM "schema_migrations" WHERE "schema_migrations"."version" = '20130803184415'[0m
  [1m[35m (1.0ms)[0m  COMMIT
  [1m[36m (0.2ms)[0m  [1mSELECT "schema_migrations"."version" FROM "schema_migrations" [0m
Connecting to database specified by database.yml
  [1m[36m (0.3ms)[0m  [1mSELECT "schema_migrations"."version" FROM "schema_migrations" [0m
Migrating to CreateTests (20130803184415)
  [1m[35m (0.1ms)[0m  BEGIN
  [1m[36m (9.1ms)[0m  [1mCREATE TABLE "tests" ("id" serial primary key, "lol" character varying(255), "created_at" timestamp NOT NULL, "updated_at" timestamp NOT NULL) [0m
  [1m[35m (0.4ms)[0m  INSERT INTO "schema_migrations" ("version") VALUES ('20130803184415')
  [1m[36m (1.2ms)[0m  [1mCOMMIT[0m
Migrating to DeviseCreateUsers (20130803195116)
  [1m[35m (0.2ms)[0m  BEGIN
  [1m[36m (4.7ms)[0m  [1mCREATE TABLE "users" ("id" serial primary key, "email" character varying(255) DEFAULT '' NOT NULL, "encrypted_password" character varying(255) DEFAULT '' NOT NULL, "reset_password_token" character varying(255), "reset_password_sent_at" timestamp, "remember_created_at" timestamp, "sign_in_count" integer DEFAULT 0, "current_sign_in_at" timestamp, "last_sign_in_at" timestamp, "current_sign_in_ip" character varying(255), "last_sign_in_ip" character varying(255), "created_at" timestamp NOT NULL, "updated_at" timestamp NOT NULL) [0m
  [1m[35m (1.4ms)[0m  CREATE UNIQUE INDEX "index_users_on_email" ON "users" ("email")
  [1m[36m (1.1ms)[0m  [1mCREATE UNIQUE INDEX "index_users_on_reset_password_token" ON "users" ("reset_password_token")[0m
  [1m[35m (0.3ms)[0m  INSERT INTO "schema_migrations" ("version") VALUES ('20130803195116')
  [1m[36m (0.9ms)[0m  [1mCOMMIT[0m
Migrating to AddDeviseToUsers (20130803195804)
  [1m[35m (0.2ms)[0m  BEGIN
  [1m[36m (0.7ms)[0m  [1mALTER TABLE "users" ADD COLUMN "email" character varying(255) DEFAULT '' NOT NULL[0m
PG::DuplicateColumn: ERROR:  column "email" of relation "users" already exists
: ALTER TABLE "users" ADD COLUMN "email" character varying(255) DEFAULT '' NOT NULL
  [1m[35m (0.1ms)[0m  ROLLBACK
Connecting to database specified by database.yml
  [1m[36m (0.4ms)[0m  [1mSELECT "schema_migrations"."version" FROM "schema_migrations" [0m
  [1m[35m (0.2ms)[0m  SELECT "schema_migrations"."version" FROM "schema_migrations" 
Migrating to DeviseCreateUsers (20130803195116)
  [1m[36m (0.1ms)[0m  [1mBEGIN[0m
  [1m[35m (1.0ms)[0m  DROP INDEX "index_users_on_reset_password_token"
  [1m[36m (0.3ms)[0m  [1mDROP INDEX "index_users_on_email"[0m
  [1m[35m (1.6ms)[0m  DROP TABLE "users"
  [1m[36m (0.7ms)[0m  [1mDELETE FROM "schema_migrations" WHERE "schema_migrations"."version" = '20130803195116'[0m
  [1m[35m (1.1ms)[0m  COMMIT
  [1m[36m (0.2ms)[0m  [1mSELECT "schema_migrations"."version" FROM "schema_migrations" [0m
Connecting to database specified by database.yml
  [1m[36m (0.3ms)[0m  [1mSELECT "schema_migrations"."version" FROM "schema_migrations" [0m
  [1m[35m (0.2ms)[0m  SELECT "schema_migrations"."version" FROM "schema_migrations" 
Migrating to CreateTests (20130803184415)
  [1m[36m (0.2ms)[0m  [1mBEGIN[0m
  [1m[35m (2.6ms)[0m  DROP TABLE "tests"
  [1m[36m (0.9ms)[0m  [1mDELETE FROM "schema_migrations" WHERE "schema_migrations"."version" = '20130803184415'[0m
  [1m[35m (0.6ms)[0m  COMMIT
  [1m[36m (0.2ms)[0m  [1mSELECT "schema_migrations"."version" FROM "schema_migrations" [0m
Connecting to database specified by database.yml
  [1m[36m (0.4ms)[0m  [1mSELECT "schema_migrations"."version" FROM "schema_migrations" [0m
Migrating to CreateTests (20130803184415)
  [1m[35m (0.1ms)[0m  BEGIN
  [1m[36m (9.6ms)[0m  [1mCREATE TABLE "tests" ("id" serial primary key, "lol" character varying(255), "created_at" timestamp NOT NULL, "updated_at" timestamp NOT NULL) [0m
  [1m[35m (0.4ms)[0m  INSERT INTO "schema_migrations" ("version") VALUES ('20130803184415')
  [1m[36m (1.1ms)[0m  [1mCOMMIT[0m
Migrating to DeviseCreateUsers (20130803195116)
  [1m[35m (0.2ms)[0m  BEGIN
  [1m[36m (5.0ms)[0m  [1mCREATE TABLE "users" ("id" serial primary key, "email" character varying(255) DEFAULT '' NOT NULL, "encrypted_password" character varying(255) DEFAULT '' NOT NULL, "reset_password_token" character varying(255), "reset_password_sent_at" timestamp, "remember_created_at" timestamp, "sign_in_count" integer DEFAULT 0, "current_sign_in_at" timestamp, "last_sign_in_at" timestamp, "current_sign_in_ip" character varying(255), "last_sign_in_ip" character varying(255), "created_at" timestamp NOT NULL, "updated_at" timestamp NOT NULL) [0m
  [1m[35m (1.5ms)[0m  CREATE UNIQUE INDEX "index_users_on_email" ON "users" ("email")
  [1m[36m (0.8ms)[0m  [1mCREATE UNIQUE INDEX "index_users_on_reset_password_token" ON "users" ("reset_password_token")[0m
  [1m[35m (0.2ms)[0m  INSERT INTO "schema_migrations" ("version") VALUES ('20130803195116')
  [1m[36m (0.7ms)[0m  [1mCOMMIT[0m
Migrating to CreateArticles (20130803203625)
  [1m[35m (0.3ms)[0m  BEGIN
  [1m[36m (7.1ms)[0m  [1mCREATE TABLE "articles" ("id" serial primary key, "url" text, "file_path" text, "created_at" timestamp NOT NULL, "updated_at" timestamp NOT NULL) [0m
  [1m[35m (0.2ms)[0m  INSERT INTO "schema_migrations" ("version") VALUES ('20130803203625')
  [1m[36m (0.5ms)[0m  [1mCOMMIT[0m
  [1m[35m (0.3ms)[0m  SELECT "schema_migrations"."version" FROM "schema_migrations" 


Started GET "/articles/" for 127.0.0.1 at 2013-08-03 16:46:17 -0400
Processing by ArticlesController#index as HTML
  [1m[35mArticle Load (0.4ms)[0m  SELECT "articles".* FROM "articles" 
  Rendered articles/index.html.erb within layouts/application (3.5ms)
Compiled articles.css  (9ms)  (pid 30910)
Compiled application.css  (18ms)  (pid 30910)
Compiled articles.js  (118ms)  (pid 30910)
Compiled application.js  (185ms)  (pid 30910)
Completed 200 OK in 318ms (Views: 308.2ms | ActiveRecord: 6.8ms)


Started GET "/assets/application.css?body=1" for 127.0.0.1 at 2013-08-03 16:46:17 -0400
Served asset /application.css - 304 Not Modified (14ms)


Started GET "/assets/scaffolds.css?body=1" for 127.0.0.1 at 2013-08-03 16:46:17 -0400
Served asset /scaffolds.css - 304 Not Modified (0ms)


Started GET "/assets/articles.js?body=1" for 127.0.0.1 at 2013-08-03 16:46:17 -0400
Served asset /articles.js - 200 OK (1ms)


Started GET "/assets/jquery.js?body=1" for 127.0.0.1 at 2013-08-03 16:46:17 -0400
Served asset /jquery.js - 304 Not Modified (0ms)


Started GET "/assets/tests.css?body=1" for 127.0.0.1 at 2013-08-03 16:46:17 -0400
Served asset /tests.css - 304 Not Modified (0ms)


Started GET "/assets/articles.css?body=1" for 127.0.0.1 at 2013-08-03 16:46:17 -0400
Served asset /articles.css - 200 OK (1ms)


Started GET "/assets/jquery_ujs.js?body=1" for 127.0.0.1 at 2013-08-03 16:46:17 -0400
Served asset /jquery_ujs.js - 304 Not Modified (0ms)


Started GET "/assets/tests.js?body=1" for 127.0.0.1 at 2013-08-03 16:46:17 -0400
Served asset /tests.js - 304 Not Modified (0ms)


Started GET "/assets/application.js?body=1" for 127.0.0.1 at 2013-08-03 16:46:17 -0400
Served asset /application.js - 304 Not Modified (18ms)


Started GET "/users/" for 127.0.0.1 at 2013-08-03 16:46:21 -0400

ActionController::RoutingError (No route matches [GET] "/users"):
  vendor/bundle/gems/actionpack-3.2.13/lib/action_dispatch/middleware/debug_exceptions.rb:21:in `call'
  vendor/bundle/gems/actionpack-3.2.13/lib/action_dispatch/middleware/show_exceptions.rb:56:in `call'
  vendor/bundle/gems/railties-3.2.13/lib/rails/rack/logger.rb:32:in `call_app'
  vendor/bundle/gems/railties-3.2.13/lib/rails/rack/logger.rb:16:in `block in call'
  vendor/bundle/gems/activesupport-3.2.13/lib/active_support/tagged_logging.rb:22:in `tagged'
  vendor/bundle/gems/railties-3.2.13/lib/rails/rack/logger.rb:16:in `call'
  vendor/bundle/gems/actionpack-3.2.13/lib/action_dispatch/middleware/request_id.rb:22:in `call'
  vendor/bundle/gems/rack-1.4.5/lib/rack/methodoverride.rb:21:in `call'
  vendor/bundle/gems/rack-1.4.5/lib/rack/runtime.rb:17:in `call'
  vendor/bundle/gems/activesupport-3.2.13/lib/active_support/cache/strategy/local_cache.rb:72:in `call'
  vendor/bundle/gems/rack-1.4.5/lib/rack/lock.rb:15:in `call'
  vendor/bundle/gems/actionpack-3.2.13/lib/action_dispatch/middleware/static.rb:63:in `call'
  vendor/bundle/gems/railties-3.2.13/lib/rails/engine.rb:479:in `call'
  vendor/bundle/gems/railties-3.2.13/lib/rails/application.rb:223:in `call'
  vendor/bundle/gems/rack-1.4.5/lib/rack/content_length.rb:14:in `call'
  vendor/bundle/gems/railties-3.2.13/lib/rails/rack/log_tailer.rb:17:in `call'
  vendor/bundle/gems/rack-1.4.5/lib/rack/handler/webrick.rb:59:in `service'
  /Users/joshuamartin/.rbenv/versions/1.9.3-p448/lib/ruby/1.9.1/webrick/httpserver.rb:138:in `service'
  /Users/joshuamartin/.rbenv/versions/1.9.3-p448/lib/ruby/1.9.1/webrick/httpserver.rb:94:in `run'
  /Users/joshuamartin/.rbenv/versions/1.9.3-p448/lib/ruby/1.9.1/webrick/server.rb:191:in `block in start_thread'


  Rendered vendor/bundle/gems/actionpack-3.2.13/lib/action_dispatch/middleware/templates/rescues/routing_error.erb within rescues/layout (0.9ms)


Started GET "/activities" for 127.0.0.1 at 2013-08-03 16:46:24 -0400

ActionController::RoutingError (No route matches [GET] "/activities"):
  vendor/bundle/gems/actionpack-3.2.13/lib/action_dispatch/middleware/debug_exceptions.rb:21:in `call'
  vendor/bundle/gems/actionpack-3.2.13/lib/action_dispatch/middleware/show_exceptions.rb:56:in `call'
  vendor/bundle/gems/railties-3.2.13/lib/rails/rack/logger.rb:32:in `call_app'
  vendor/bundle/gems/railties-3.2.13/lib/rails/rack/logger.rb:16:in `block in call'
  vendor/bundle/gems/activesupport-3.2.13/lib/active_support/tagged_logging.rb:22:in `tagged'
  vendor/bundle/gems/railties-3.2.13/lib/rails/rack/logger.rb:16:in `call'
  vendor/bundle/gems/actionpack-3.2.13/lib/action_dispatch/middleware/request_id.rb:22:in `call'
  vendor/bundle/gems/rack-1.4.5/lib/rack/methodoverride.rb:21:in `call'
  vendor/bundle/gems/rack-1.4.5/lib/rack/runtime.rb:17:in `call'
  vendor/bundle/gems/activesupport-3.2.13/lib/active_support/cache/strategy/local_cache.rb:72:in `call'
  vendor/bundle/gems/rack-1.4.5/lib/rack/lock.rb:15:in `call'
  vendor/bundle/gems/actionpack-3.2.13/lib/action_dispatch/middleware/static.rb:63:in `call'
  vendor/bundle/gems/railties-3.2.13/lib/rails/engine.rb:479:in `call'
  vendor/bundle/gems/railties-3.2.13/lib/rails/application.rb:223:in `call'
  vendor/bundle/gems/rack-1.4.5/lib/rack/content_length.rb:14:in `call'
  vendor/bundle/gems/railties-3.2.13/lib/rails/rack/log_tailer.rb:17:in `call'
  vendor/bundle/gems/rack-1.4.5/lib/rack/handler/webrick.rb:59:in `service'
  /Users/joshuamartin/.rbenv/versions/1.9.3-p448/lib/ruby/1.9.1/webrick/httpserver.rb:138:in `service'
  /Users/joshuamartin/.rbenv/versions/1.9.3-p448/lib/ruby/1.9.1/webrick/httpserver.rb:94:in `run'
  /Users/joshuamartin/.rbenv/versions/1.9.3-p448/lib/ruby/1.9.1/webrick/server.rb:191:in `block in start_thread'


  Rendered vendor/bundle/gems/actionpack-3.2.13/lib/action_dispatch/middleware/templates/rescues/routing_error.erb within rescues/layout (0.7ms)


Started GET "/articles" for 127.0.0.1 at 2013-08-03 16:46:25 -0400
Processing by ArticlesController#index as HTML
  [1m[36mArticle Load (0.6ms)[0m  [1mSELECT "articles".* FROM "articles" [0m
  Rendered articles/index.html.erb within layouts/application (0.6ms)
Completed 200 OK in 22ms (Views: 19.7ms | ActiveRecord: 0.6ms)


Started GET "/assets/scaffolds.css?body=1" for 127.0.0.1 at 2013-08-03 16:46:25 -0400
Served asset /scaffolds.css - 304 Not Modified (0ms)


Started GET "/assets/jquery.js?body=1" for 127.0.0.1 at 2013-08-03 16:46:25 -0400
Served asset /jquery.js - 304 Not Modified (0ms)


Started GET "/assets/application.css?body=1" for 127.0.0.1 at 2013-08-03 16:46:25 -0400
Served asset /application.css - 304 Not Modified (0ms)


Started GET "/assets/jquery_ujs.js?body=1" for 127.0.0.1 at 2013-08-03 16:46:25 -0400
Served asset /jquery_ujs.js - 304 Not Modified (0ms)


Started GET "/assets/tests.css?body=1" for 127.0.0.1 at 2013-08-03 16:46:25 -0400
Served asset /tests.css - 304 Not Modified (0ms)


Started GET "/assets/tests.js?body=1" for 127.0.0.1 at 2013-08-03 16:46:25 -0400
Served asset /tests.js - 304 Not Modified (0ms)


Started GET "/assets/application.js?body=1" for 127.0.0.1 at 2013-08-03 16:46:25 -0400
Served asset /application.js - 304 Not Modified (0ms)


Started GET "/assets/jquery_ujs.js?body=1" for 127.0.0.1 at 2013-08-03 16:46:25 -0400
Served asset /jquery_ujs.js - 304 Not Modified (0ms)
Connecting to database specified by database.yml
Connecting to database specified by database.yml
Connecting to database specified by database.yml
Connecting to database specified by database.yml
Connecting to database specified by database.yml
Connecting to database specified by database.yml
Connecting to database specified by database.yml
Connecting to database specified by database.yml
Connecting to database specified by database.yml
Connecting to database specified by database.yml
Connecting to database specified by database.yml
Connecting to database specified by database.yml
Connecting to database specified by database.yml
  [1m[36m (0.2ms)[0m  [1mBEGIN[0m
  [1m[35mSQL (10.5ms)[0m  INSERT INTO "articles" ("created_at", "file_path", "updated_at", "url") VALUES ($1, $2, $3, $4) RETURNING "id"  [["created_at", Sat, 03 Aug 2013 21:34:01 UTC +00:00], ["file_path", #<Pathname:/Users/joshuamartin/pouch_rails/public/assets/articles/filesavingtest.jm>], ["updated_at", Sat, 03 Aug 2013 21:34:01 UTC +00:00], ["url", "http://www.test.com"]]
  [1m[36m (0.6ms)[0m  [1mCOMMIT[0m
Connecting to database specified by database.yml
Connecting to database specified by database.yml
  [1m[36m (0.4ms)[0m  [1mSELECT "schema_migrations"."version" FROM "schema_migrations" [0m
Migrating to CreateTests (20130803184415)
Migrating to DeviseCreateUsers (20130803195116)
Migrating to CreateArticles (20130803203625)
Migrating to AddFieldsToArticle (20130803213651)
  [1m[35m (0.1ms)[0m  BEGIN
  [1m[36m (2.7ms)[0m  [1mALTER TABLE "articles" ADD COLUMN "title" character varying(255)[0m
  [1m[35m (0.3ms)[0m  ALTER TABLE "articles" ADD COLUMN "preview" text
  [1m[36m (1.2ms)[0m  [1mINSERT INTO "schema_migrations" ("version") VALUES ('20130803213651')[0m
  [1m[35m (0.6ms)[0m  COMMIT
  [1m[36m (0.2ms)[0m  [1mSELECT "schema_migrations"."version" FROM "schema_migrations" [0m
Connecting to database specified by database.yml
Connecting to database specified by database.yml
  [1m[36m (0.9ms)[0m  [1mSELECT "schema_migrations"."version" FROM "schema_migrations" [0m
Migrating to CreateTests (20130803184415)
Migrating to DeviseCreateUsers (20130803195116)
Migrating to CreateArticles (20130803203625)
Migrating to AddFieldsToArticle (20130803213651)
Migrating to AddPubDateEtcToArticle (20130803215050)
  [1m[35m (0.1ms)[0m  BEGIN
  [1m[36m (1.0ms)[0m  [1mALTER TABLE "articles" ADD COLUMN "published" character varying(255)[0m
  [1m[35m (0.4ms)[0m  ALTER TABLE "articles" ADD COLUMN "update" character varying(255)
  [1m[36m (0.2ms)[0m  [1mALTER TABLE "articles" ADD COLUMN "author" character varying(255)[0m
  [1m[35m (0.4ms)[0m  INSERT INTO "schema_migrations" ("version") VALUES ('20130803215050')
  [1m[36m (0.6ms)[0m  [1mCOMMIT[0m
  [1m[35m (0.1ms)[0m  SELECT "schema_migrations"."version" FROM "schema_migrations" 
Connecting to database specified by database.yml
  [1m[36m (0.5ms)[0m  [1mSELECT "schema_migrations"."version" FROM "schema_migrations" [0m
  [1m[35m (0.2ms)[0m  SELECT "schema_migrations"."version" FROM "schema_migrations" 
Migrating to AddPubDateEtcToArticle (20130803215050)
  [1m[36m (0.1ms)[0m  [1mBEGIN[0m
  [1m[35m (3.1ms)[0m  ALTER TABLE "articles" DROP "author"
  [1m[36m (0.2ms)[0m  [1mALTER TABLE "articles" DROP "update"[0m
  [1m[35m (0.2ms)[0m  ALTER TABLE "articles" DROP "published"
  [1m[36m (0.9ms)[0m  [1mDELETE FROM "schema_migrations" WHERE "schema_migrations"."version" = '20130803215050'[0m
  [1m[35m (0.7ms)[0m  COMMIT
  [1m[36m (0.5ms)[0m  [1mSELECT "schema_migrations"."version" FROM "schema_migrations" [0m
Connecting to database specified by database.yml
  [1m[36m (0.3ms)[0m  [1mSELECT "schema_migrations"."version" FROM "schema_migrations" [0m
Migrating to CreateTests (20130803184415)
Migrating to DeviseCreateUsers (20130803195116)
Migrating to CreateArticles (20130803203625)
Migrating to AddFieldsToArticle (20130803213651)
Migrating to AddPubDateEtcToArticle (20130803215050)
  [1m[35m (0.1ms)[0m  BEGIN
  [1m[36m (0.9ms)[0m  [1mALTER TABLE "articles" ADD COLUMN "published" character varying(255)[0m
  [1m[35m (0.3ms)[0m  ALTER TABLE "articles" ADD COLUMN "updated" character varying(255)
  [1m[36m (0.2ms)[0m  [1mALTER TABLE "articles" ADD COLUMN "author" character varying(255)[0m
  [1m[35m (0.4ms)[0m  INSERT INTO "schema_migrations" ("version") VALUES ('20130803215050')
  [1m[36m (0.6ms)[0m  [1mCOMMIT[0m
  [1m[35m (0.2ms)[0m  SELECT "schema_migrations"."version" FROM "schema_migrations" 
Connecting to database specified by database.yml
Connecting to database specified by database.yml
Connecting to database specified by database.yml

***** Debugger requested, but was not available (ensure ruby-debug is listed in Gemfile/installed as gem): Start server with --debugger to enable *****

Connecting to database specified by database.yml
Connecting to database specified by database.yml
  [1m[36m (0.2ms)[0m  [1mBEGIN[0m
  [1m[35mSQL (11.2ms)[0m  INSERT INTO "articles" ("author", "created_at", "file_path", "preview", "published", "title", "updated", "updated_at", "url") VALUES ($1, $2, $3, $4, $5, $6, $7, $8, $9) RETURNING "id"  [["author", "author"], ["created_at", Sat, 03 Aug 2013 22:20:49 UTC +00:00], ["file_path", #<Pathname:/Users/joshuamartin/pouch_rails/public/assets/articles/article.html>], ["preview", "preview"], ["published", "published"], ["title", "title_string"], ["updated", "updated"], ["updated_at", Sat, 03 Aug 2013 22:20:49 UTC +00:00], ["url", "http://www.test.com"]]
  [1m[36m (0.6ms)[0m  [1mCOMMIT[0m
Connecting to database specified by database.yml
  [1m[36m (0.2ms)[0m  [1mBEGIN[0m
  [1m[35mSQL (6.7ms)[0m  INSERT INTO "articles" ("author", "created_at", "file_path", "preview", "published", "title", "updated", "updated_at", "url") VALUES ($1, $2, $3, $4, $5, $6, $7, $8, $9) RETURNING "id"  [["author", "author"], ["created_at", Sat, 03 Aug 2013 22:26:56 UTC +00:00], ["file_path", nil], ["preview", "preview"], ["published", "published"], ["title", "title_string"], ["updated", "updated"], ["updated_at", Sat, 03 Aug 2013 22:26:56 UTC +00:00], ["url", "http://www.test.com"]]
  [1m[36m (2.1ms)[0m  [1mCOMMIT[0m
  [1m[35m (0.1ms)[0m  BEGIN
  [1m[36m (0.6ms)[0m  [1mUPDATE "articles" SET "file_path" = '--- !ruby/object:Pathname
path: /Users/joshuamartin/pouch_rails/public/assets/articles/article3.html
', "updated_at" = '2013-08-03 22:26:56.015334' WHERE "articles"."id" = 3[0m
  [1m[35m (0.5ms)[0m  COMMIT
